#
# A fatal error has been detected by the Java Runtime Environment:
#
#  EXCEPTION_IN_PAGE_ERROR (0xc0000006) at pc=0x00007ffe834c19a9, pid=11700, tid=2088
#
# JRE version:  (17.0.11+7) (build )
# Java VM: Java HotSpot(TM) 64-Bit Server VM (17.0.11+7-LTS-207, mixed mode, sharing, tiered, compressed oops, compressed class ptrs, g1 gc, windows-amd64)
# Problematic frame:
# C  [VCRUNTIME140.dll+0x19a9]
#
# No core dump will be written. Minidumps are not enabled by default on client versions of Windows
#
#

---------------  S U M M A R Y ------------

Command Line: -ea   [jvm.dll+0x3ede61]
C  [jli.dll+0x5297]
C  [ucrtbase.dll+0x29333]
C  [KERNEL32.DLL+0x1257d]
C  [ntdll.dll+0x5af08]


siginfo: EXCEPTION_IN_PAGE_ERROR (0xc0000006), writing address 0x000001dfe1070000


Registers:
RAX=0x0000000000000000, RBX=0x000001dfe1070000, RCX=0x0000000000010000, RDX=0x0000000000000000
RSP=0x00000082420fefe0, RBP=0x000001dfe30aab40, RSI=0x000001dfe0ddeac0, RDI=0x000001dfe1070000
R8 =0x0000000000010000, R9 =0x000001dfe1070000, R10=0x00007ffe834c0000, R11=0x0000000000000000
R12=0x0000000000000001, R13=0x00007ffe86b026d0, R14=0x000001dfe309adc0, R15=0x0000000000010000
RIP=0x00007ffe834c19a9, EFLAGS=0x0000000000010202


Top of Stack: (sp=0x00000082420fefe0)
0x00000082420fefe0:   0000000000000000 00007ffe8683b8b3
0x00000082420feff0:   000001dfe30aab40 000001df00000000
0x00000082420ff000:   000001dfe0ddeac0 00000000000000b8
0x00000082420ff010:   0000000000010000 00000082420ff030
0x00000082420ff020:   00000082420ff2b0 0000000000000104
0x00000082420ff030:   000001df00000103 000001dfe30aab44
0x00000082420ff040:   000001df00000101 0000000000000080
0x00000082420ff050:   0000000000000000 0000000000000014
0x00000082420ff060:   0000000000000000 0000000000000020
0x00000082420ff070:   0000000000000000 0000000000000002
0x00000082420ff080:   0000000000000000 00000082420ff139
0x00000082420ff090:   000001df005c3a43 00007ffea8f0cc7a
0x00000082420ff0a0:   000001dfe0d70000 000001df00000000
0x00000082420ff0b0:   0000000000000014 000001df00000000
0x00000082420ff0c0:   0000008200000002 0000000000003e49
0x00000082420ff0d0:   0000000000000002 0000000000000090 

Instructions: (pc=0x00007ffe834c19a9)
0x00007ffe834c18a9:   49 03 c8 0f 10 44 11 f0 48 83 e9 10 49 83 e8 10
0x00007ffe834c18b9:   f6 c1 0f 74 17 48 8b c1 48 83 e1 f0 0f 10 c8 0f
0x00007ffe834c18c9:   10 04 11 0f 11 08 4c 8b c1 4d 2b c3 4d 8b c8 49
0x00007ffe834c18d9:   c1 e9 07 74 6f 0f 29 01 eb 14 66 66 66 66 66 0f
0x00007ffe834c18e9:   1f 84 00 00 00 00 00 0f 29 41 10 0f 29 09 0f 10
0x00007ffe834c18f9:   44 11 f0 0f 10 4c 11 e0 48 81 e9 80 00 00 00 0f
0x00007ffe834c1909:   29 41 70 0f 29 49 60 0f 10 44 11 50 0f 10 4c 11
0x00007ffe834c1919:   40 49 ff c9 0f 29 41 50 0f 29 49 40 0f 10 44 11
0x00007ffe834c1929:   30 0f 10 4c 11 20 0f 29 41 30 0f 29 49 20 0f 10
0x00007ffe834c1939:   44 11 10 0f 10 0c 11 75 ae 0f 29 41 10 49 83 e0
0x00007ffe834c1949:   7f 0f 28 c1 4d 8b c8 49 c1 e9 04 74 1a 66 66 0f
0x00007ffe834c1959:   1f 84 00 00 00 00 00 0f 11 01 48 83 e9 10 0f 10
0x00007ffe834c1969:   04 11 49 ff c9 75 f0 49 83 e0 0f 74 08 41 0f 10
0x00007ffe834c1979:   0a 41 0f 11 0b 0f 11 01 49 8b c3 c3 cc cc cc cc
0x00007ffe834c1989:   cc cc cc cc cc cc cc cc cc cc cc cc cc 66 66 0f
0x00007ffe834c1999:   1f 84 00 00 00 00 00 57 8b c2 48 8b f9 49 8b c8
0x00007ffe834c19a9:   f3 aa 49 8b c1 5f c3 cc cc cc cc cc cc 66 66 0f
0x00007ffe834c19b9:   1f 84 00 00 00 00 00 48 8b c1 4c 8b c9 4c 8d 15
0x00007ffe834c19c9:   33 e6 ff ff 0f b6 d2 49 bb 01 01 01 01 01 01 01
0x00007ffe834c19d9:   01 4c 0f af da 66 49 0f 6e c3 49 83 f8 0f 0f 87
0x00007ffe834c19e9:   83 00 00 00 0f 1f 00 49 03 c8 47 8b 8c 82 b0 80
0x00007ffe834c19f9:   01 00 4d 03 ca 41 ff e1 4c 89 59 f1 44 89 59 f9
0x00007ffe834c1a09:   66 44 89 59 fd 44 88 59 ff c3 4c 89 59 f2 44 89
0x00007ffe834c1a19:   59 fa 66 44 89 59 fe c3 66 66 66 66 66 66 66 0f
0x00007ffe834c1a29:   1f 84 00 00 00 00 00 4c 89 59 f3 44 89 59 fb 44
0x00007ffe834c1a39:   88 59 ff c3 0f 1f 00 4c 89 59 f4 44 89 59 fc c3
0x00007ffe834c1a49:   4c 89 59 f5 66 44 89 59 fd 44 88 59 ff c3 4c 89
0x00007ffe834c1a59:   59 f7 44 88 59 ff c3 4c 89 59 f6 66 44 89 59 fe
0x00007ffe834c1a69:   c3 4c 89 59 f8 c3 90 66 0f 6c c0 49 83 f8 20 77
0x00007ffe834c1a79:   0c f3 0f 7f 01 f3 42 0f 7f 44 01 f0 c3 83 3d 8b
0x00007ffe834c1a89:   45 01 00 03 0f 82 dd 01 00 00 4c 3b 05 86 45 01
0x00007ffe834c1a99:   00 76 16 4c 3b 05 85 45 01 00 77 0d f6 05 10 49 



---------------  P R O C E S S  ---------------

VM state: not at safepoint (not fully initialized)

VM Mutex/Monitor currently owned by a thread: None

Heap address: 0x0000000000000000, size: 0 MB, Compressed Oops mode: 32-bit

CDS archive(s) mapped at: [0x0000000000000000-0x0000000000000000-0x0000000000000000), size 0, SharedBaseAddress: 0x0000000800000000, ArchiveRelocationMode: 1.
Narrow klass base: 0x0000000000000000, Narrow klass shift: 0, Narrow klass range: 0x0

GC Precious Log:
<Not initialized>

Deoptimization events (0 events):
No events

Classes unloaded (0 events):
No events

Classes redefined (0 events):
No events

Internal exceptions (0 events):
No events

VM Operations (0 events):
No events

Events (0 events):
No events


Dynamic libraries:
0x00007ff764510000 - 0x00007ff764520000 	C:\Program Files\Java\jdk-17\bin\java.exe
0x00007ffea8ed0000 - 0x00007ffea90e7000 	C:\WINDOWS\SYSTEM32\ntdll.dll
0x00007ffea7070000 - 0x00007ffea7134000 	C:\WINDOWS\System32\KERNEL32.DLL
0x00007ffea6590000 - 0x00007ffea6947000 	C:\WINDOWS\System32\KERNELBASE.dll
0x00007ffea6350000 - 0x00007ffea6461000 	C:\WINDOWS\System32\ucrtbase.dll
0x00007ffe834e0000 - 0x00007ffe834f9000 	C:\Program Files\Java\jdk-17\bin\jli.dll
0x00007ffe834c0000 - 0x00007ffe834db000 	C:\Program Files\Java\jdk-17\bin\VCRUNTIME140.dll
0x00007ffea8320000 - 0x00007ffea83d2000 	C:\WINDOWS\System32\ADVAPI32.dll
0x00007ffea7450000 - 0x00007ffea74f7000 	C:\WINDOWS\System32\msvcrt.dll
0x00007ffea7140000 - 0x00007ffea71e8000 	C:\WINDOWS\System32\sechost.dll
0x00007ffea61e0000 - 0x00007ffea6208000 	C:\WINDOWS\System32\bcrypt.dll
0x00007ffea7d60000 - 0x00007ffea7e74000 	C:\WINDOWS\System32\RPCRT4.dll
0x00007ffea8150000 - 0x00007ffea82ff000 	C:\WINDOWS\System32\USER32.dll
0x00007ffe8f460000 - 0x00007ffe8f6f3000 	C:\WINDOWS\WinSxS\amd64_microsoft.windows.common-controls_6595b64144ccf1df_6.0.22621.3672_none_2713b9d173822955\COMCTL32.dll
0x00007ffea6280000 - 0x00007ffea62a6000 	C:\WINDOWS\System32\win32u.dll
0x00007ffea6d40000 - 0x00007ffea6d69000 	C:\WINDOWS\System32\GDI32.dll
0x00007ffea6470000 - 0x00007ffea6588000 	C:\WINDOWS\System32\gdi32full.dll
0x00007ffea62b0000 - 0x00007ffea634a000 	C:\WINDOWS\System32\msvcp_win.dll
0x00007ffe9fa70000 - 0x00007ffe9fa7a000 	C:\WINDOWS\SYSTEM32\VERSION.dll
0x00007ffea7f90000 - 0x00007ffea7fc1000 	C:\WINDOWS\System32\IMM32.DLL
0x00007ffe879e0000 - 0x00007ffe879ec000 	C:\Program Files\Java\jdk-17\bin\vcruntime140_1.dll
0x00007ffe86ef0000 - 0x00007ffe86f7e000 	C:\Program Files\Java\jdk-17\bin\msvcp140.dll
0x00007ffe861a0000 - 0x00007ffe86d80000 	C:\Program Files\Java\jdk-17\bin\server\jvm.dll
0x00007ffea7e80000 - 0x00007ffea7e88000 	C:\WINDOWS\System32\PSAPI.DLL
0x00007ffe921b0000 - 0x00007ffe921b9000 	C:\WINDOWS\SYSTEM32\WSOCK32.dll
0x00007ffe9f280000 - 0x00007ffe9f2b4000 	C:\WINDOWS\SYSTEM32\WINMM.dll
0x00007ffea73d0000 - 0x00007ffea7441000 	C:\WINDOWS\System32\WS2_32.dll
0x00007ffea52e0000 - 0x00007ffea52f8000 	C:\WINDOWS\SYSTEM32\kernel.appcore.dll
0x00007ffe87930000 - 0x00007ffe8793a000 	C:\Program Files\Java\jdk-17\bin\jimage.dll
0x00007ffea3af0000 - 0x00007ffea3d22000 	C:\WINDOWS\SYSTEM32\DBGHELP.DLL
0x00007ffea7500000 - 0x00007ffea788e000 	C:\WINDOWS\System32\combase.dll
0x00007ffea6c60000 - 0x00007ffea6d37000 	C:\WINDOWS\System32\OLEAUT32.dll
0x00007ffe9df10000 - 0x00007ffe9df42000 	C:\WINDOWS\SYSTEM32\dbgcore.DLL
0x00007ffea6a10000 - 0x00007ffea6a8b000 	C:\WINDOWS\System32\bcryptPrimitives.dll
0x00007ffe9ffc0000 - 0x00007ffe9ffce000 	C:\Program Files\Java\jdk-17\bin\instrument.dll
0x00007ffe84010000 - 0x00007ffe84035000 	C:\Program Files\Java\jdk-17\bin\java.dll

dbghelp: loaded successfully - version: 4.0.5 - missing functions: none
symbol engine: initialized successfully - sym options: 0x614 - pdb path: .;C:\Program Files\Java\jdk-17\bin;C:\WINDOWS\SYSTEM32;C:\WINDOWS\WinSxS\amd64_microsoft.windows.common-controls_6595b64144ccf1df_6.0.22621.3672_none_2713b9d173822955;C:\Program Files\Java\jdk-17\bin\server

VM Arguments:
jvm_args: -ea -Didea.test.cyclic.buffer.size=1048576 -javaagent:C:\Program Files\JetBrains\IntelliJ IDEA Community Edition 2024.2.0.2\lib\idea_rt.jar=60535:C:\Program Files\JetBrains\IntelliJ IDEA Community Edition 2024.2.0.2\bin -Dfile.encoding=UTF-8 
java_command: com.intellij.rt.testng.RemoteTestNGStarter -usedefaultlisteners false -socket60534 @w@C:\Users\sara\AppData\Local\Temp\idea_working_dirs_testng.tmp -temp C:\Users\sara\AppData\Local\Temp\idea_testng.tmp
java_class_path (initial): C:\Program Files\JetBrains\IntelliJ IDEA Community Edition 2024.2.0.2\lib\idea_rt.jar;C:\Program Files\JetBrains\IntelliJ IDEA Community Edition 2024.2.0.2\plugins\testng\lib\testng-rt.jar;C:\Users\sara\IdeaProjects\OrangeHRM\target\test-classes;C:\Users\sara\IdeaProjects\OrangeHRM\target\classes;C:\Users\sara\.m2\repository\org\seleniumhq\selenium\selenium-java\4.23.1\selenium-java-4.23.1.jar;C:\Users\sara\.m2\repository\org\seleniumhq\selenium\selenium-api\4.23.1\selenium-api-4.23.1.jar;C:\Users\sara\.m2\repository\org\seleniumhq\selenium\selenium-chrome-driver\4.23.1\selenium-chrome-driver-4.23.1.jar;C:\Users\sara\.m2\repository\com\google\auto\service\auto-service-annotations\1.1.1\auto-service-annotations-1.1.1.jar;C:\Users\sara\.m2\repository\org\seleniumhq\selenium\selenium-chromium-driver\4.23.1\selenium-chromium-driver-4.23.1.jar;C:\Users\sara\.m2\repository\org\seleniumhq\selenium\selenium-json\4.23.1\selenium-json-4.23.1.jar;C:\Users\sara\.m2\repository\org\seleniumhq\selenium\selenium-manager\4.23.1\selenium-manager-4.23.1.jar;C:\Users\sara\.m2\repository\org\seleniumhq\selenium\selenium-devtools-v125\4.23.1\selenium-devtools-v125-4.23.1.jar;C:\Users\sara\.m2\repository\org\seleniumhq\selenium\selenium-devtools-v126\4.23.1\selenium-devtools-v126-4.23.1.jar;C:\Users\sara\.m2\repository\org\seleniumhq\selenium\selenium-devtools-v127\4.23.1\selenium-devtools-v127-4.23.1.jar;C:\Users\sara\.m2\repository\org\seleniumhq\selenium\selenium-devtools-v85\4.23.1\selenium-devtools-v85-4.23.1.jar;C:\Users\sara\.m2\repository\org\seleniumhq\selenium\selenium-edge-driver\4.23.1\selenium-edge-driver-4.23.1.jar;C:\Users\sara\.m2\repository\org\seleniumhq\selenium\selenium-firefox-driver\4.23.1\selenium-firefox-driver-4.23.1.jar;C:\Users\sara\.m2\repository\org\seleniumhq\selenium\selenium-http\4.23.1\selenium-http-4.23.1.jar;C:\Users\sara\.m2\repository\dev\failsafe\failsafe\3.3.2\failsafe-3.3.2.jar;C:\Users\sara\.m2\repository\org\seleniumhq
Launcher Type: SUN_STANDARD

[Global flags]
     uint ConcGCThreads                            = 2                                         {product} {ergonomic}
     uint G1ConcRefinementThreads                  = 8                                         {product} {ergonomic}
    uintx GCDrainStackTargetSize                   = 64                                        {product} {ergonomic}
   size_t InitialHeapSize                          = 132051712                                 {product} {ergonomic}
   size_t MarkStackSize                            = 4194304                                   {product} {ergonomic}
   size_t MaxHeapSize                              = 2112827392                                {product} {ergonomic}
   size_t MinHeapSize                              = 6815736                                   {product} {ergonomic}
    uintx ReservedCodeCacheSize                    = 251658240                              {pd product} {ergonomic}
     bool SegmentedCodeCache                       = true                                      {product} {ergonomic}
     bool UseCompressedClassPointers               = true                           {product lp64_product} {ergonomic}
     bool UseCompressedOops                        = true                           {product lp64_product} {ergonomic}
     bool UseG1GC                                  = true                                      {product} {ergonomic}
     bool UseLargePagesIndividualAllocation        = false                                  {pd product} {ergonomic}

Logging:
Log output configuration:
 #0: stdout all=warning uptime,level,tags
 #1: stderr all=off uptime,level,tags

Environment Variables:
JAVA_HOME=C:\Program Files\Java\jdk-17
CLASSPATH=?C:\java library\junit-4.13.2.jar
PATH=C:\Program Files\Common Files\Oracle\Java\javapath;C:\WINDOWS\system32;C:\WINDOWS;C:\WINDOWS\System32\Wbem;C:\WINDOWS\System32\WindowsPowerShell\v1.0\;C:\WINDOWS\System32\OpenSSH\;C:\Program Files\dotnet\;C:\Users\sara\AppData\Local\Programs\Python\Python311;C:\Users\sara\AppData\Local\Programs\Python\Python311\Scripts;C:\Program Files\Git\cmd;?C:\Users\sara\Downloads\PortableGit\mingw64\bin;C:\MinGW\bin;C:\Program Files\Microchip\xc8\v2.41\bin;C:\Program Files\OpenSSL-Win64\bin;C:\Users\sara\AppData\Local\bin\NASM;C:\Program Files\mosquitto;C:\Program Files\nodejs;C:\WINDOWS\system32;C:\Program Files\MongoDB\mongosh-2.1.1-win32-x64\bin;C:\Program Files (x86)\NVIDIA Corporation\PhysX\Common;C:\Program Files\NVIDIA Corporation\NVIDIA NvDLISR;C:\Program Files\Java\jdk-17\bin;C:\Users\sara\Downloads\apache-maven-3.9.8-bin\apache-maven-3.9.8\bin;C:\Users\sara\Downloads\apache-maven\apache-maven-3.9.8\bin;C:\Program Files\JetBrains\IntelliJ IDEA Community Edition 2024.2.0.2\plugins\maven\lib\maven3;C:\Users\sara\AppData\Local\Microsoft\WindowsApps;C:\altera\13.0sp1\modelsim_ase\win32aloem;C:\Program Files\Java\jdk-17\bin;C:\Users\sara\AppData\Local\Programs\Python\Python311;C:\Users\sara\AppData\Local\Programs\Python\Python311\Scripts;C:\Users\sara\Desktop\mingw32\bin;C:\Users\sara\Desktop\bin;C:\Users\sara\AppData\Local\Programs\Microsoft VS Code\bin;C:\MinGW\bin;C:\Program Files\mosquitto;C:\Program Files\nodejs;C:\WINDOWS\system32;C:\Users\sara\Downloads\spmc016a;C:\Users\sara\Downloads\apache-maven\apache-maven-3.9.8\bin
USERNAME=sara
OS=Windows_NT
PROCESSOR_IDENTIFIER=Intel64 Family 6 Model 165 Stepping 2, GenuineIntel



---------------  S Y S T E M  ---------------

OS:
 Windows 11 , 64 bit Build 22621 (10.0.22621.3958)
OS uptime: 0 days 8:25 hours

CPU: total 8 (initial active 8) 

Memory: 4k page, system-wide physical 8059M (1106M free)
TotalPageFile size 16749M (AvailPageFile size 3304M)
current process WorkingSet (physical memory assigned to process): 9M, peak: 9M
current process commit charge ("private bytes"): 3M, peak: 3M

vm_info: Java HotSpot(TM) 64-Bit Server VM (17.0.11+7-LTS-207) for windows-amd64 JRE (17.0.11+7-LTS-207), built on Mar 11 2024 19:01:50 by "mach5one" with MS VC++ 17.6 (VS2022)

END.
